<?xml version="1.0" encoding="UTF-8"?>
<coverage generated="1773404031670" clover="3.2.0">
  <project timestamp="1773404031670" name="All files">
    <metrics statements="81" coveredstatements="75" conditionals="10" coveredconditionals="10" methods="24" coveredmethods="21" elements="115" coveredelements="106" complexity="0" loc="81" ncloc="81" packages="7" files="13" classes="13"/>
    <package name="application">
      <metrics statements="16" coveredstatements="16" conditionals="4" coveredconditionals="4" methods="8" coveredmethods="8"/>
      <file name="complete-task.use-case.ts" path="/Applications/XAMPP/xamppfiles/htdocs/git-projects/mcp_server/backend/src/application/complete-task.use-case.ts">
        <metrics statements="6" coveredstatements="6" conditionals="2" coveredconditionals="2" methods="2" coveredmethods="2"/>
        <line num="8" count="1" type="stmt"/>
        <line num="11" count="3" type="stmt"/>
        <line num="15" count="3" type="stmt"/>
        <line num="16" count="3" type="cond" truecount="2" falsecount="0"/>
        <line num="18" count="2" type="stmt"/>
        <line num="19" count="2" type="stmt"/>
      </file>
      <file name="create-task.use-case.ts" path="/Applications/XAMPP/xamppfiles/htdocs/git-projects/mcp_server/backend/src/application/create-task.use-case.ts">
        <metrics statements="4" coveredstatements="4" conditionals="2" coveredconditionals="2" methods="2" coveredmethods="2"/>
        <line num="15" count="1" type="stmt"/>
        <line num="18" count="2" type="stmt"/>
        <line num="22" count="2" type="stmt"/>
        <line num="30" count="2" type="stmt"/>
      </file>
      <file name="delete-task.use-case.ts" path="/Applications/XAMPP/xamppfiles/htdocs/git-projects/mcp_server/backend/src/application/delete-task.use-case.ts">
        <metrics statements="3" coveredstatements="3" conditionals="0" coveredconditionals="0" methods="2" coveredmethods="2"/>
        <line num="7" count="1" type="stmt"/>
        <line num="10" count="1" type="stmt"/>
        <line num="14" count="1" type="stmt"/>
      </file>
      <file name="list-tasks.use-case.ts" path="/Applications/XAMPP/xamppfiles/htdocs/git-projects/mcp_server/backend/src/application/list-tasks.use-case.ts">
        <metrics statements="3" coveredstatements="3" conditionals="0" coveredconditionals="0" methods="2" coveredmethods="2"/>
        <line num="8" count="1" type="stmt"/>
        <line num="11" count="2" type="stmt"/>
        <line num="15" count="2" type="stmt"/>
      </file>
    </package>
    <package name="domain.entities">
      <metrics statements="10" coveredstatements="10" conditionals="2" coveredconditionals="2" methods="2" coveredmethods="2"/>
      <file name="task.entity.ts" path="/Applications/XAMPP/xamppfiles/htdocs/git-projects/mcp_server/backend/src/domain/entities/task.entity.ts">
        <metrics statements="10" coveredstatements="10" conditionals="2" coveredconditionals="2" methods="2" coveredmethods="2"/>
        <line num="6" count="18" type="stmt"/>
        <line num="7" count="18" type="stmt"/>
        <line num="8" count="18" type="stmt"/>
        <line num="9" count="18" type="stmt"/>
        <line num="10" count="18" type="stmt"/>
        <line num="11" count="18" type="stmt"/>
        <line num="15" count="5" type="cond" truecount="2" falsecount="0"/>
        <line num="16" count="2" type="stmt"/>
        <line num="18" count="3" type="stmt"/>
        <line num="19" count="3" type="stmt"/>
      </file>
    </package>
    <package name="domain.repositories">
      <metrics statements="1" coveredstatements="1" conditionals="0" coveredconditionals="0" methods="0" coveredmethods="0"/>
      <file name="task.repository.ts" path="/Applications/XAMPP/xamppfiles/htdocs/git-projects/mcp_server/backend/src/domain/repositories/task.repository.ts">
        <metrics statements="1" coveredstatements="1" conditionals="0" coveredconditionals="0" methods="0" coveredmethods="0"/>
        <line num="11" count="4" type="stmt"/>
      </file>
    </package>
    <package name="domain.value-objects">
      <metrics statements="3" coveredstatements="3" conditionals="0" coveredconditionals="0" methods="1" coveredmethods="1"/>
      <file name="task-status.vo.ts" path="/Applications/XAMPP/xamppfiles/htdocs/git-projects/mcp_server/backend/src/domain/value-objects/task-status.vo.ts">
        <metrics statements="3" coveredstatements="3" conditionals="0" coveredconditionals="0" methods="1" coveredmethods="1"/>
        <line num="2" count="6" type="stmt"/>
        <line num="3" count="6" type="stmt"/>
        <line num="4" count="6" type="stmt"/>
      </file>
    </package>
    <package name="generated.prisma">
      <metrics statements="1" coveredstatements="1" conditionals="0" coveredconditionals="0" methods="0" coveredmethods="0"/>
      <file name="client.ts" path="/Applications/XAMPP/xamppfiles/htdocs/git-projects/mcp_server/backend/src/generated/prisma/client.ts">
        <metrics statements="1" coveredstatements="1" conditionals="0" coveredconditionals="0" methods="0" coveredmethods="0"/>
        <line num="38" count="1" type="stmt"/>
      </file>
      <file name="enums.ts" path="/Applications/XAMPP/xamppfiles/htdocs/git-projects/mcp_server/backend/src/generated/prisma/enums.ts">
        <metrics statements="0" coveredstatements="0" conditionals="0" coveredconditionals="0" methods="0" coveredmethods="0"/>
      </file>
    </package>
    <package name="generated.prisma.internal">
      <metrics statements="35" coveredstatements="29" conditionals="0" coveredconditionals="0" methods="4" coveredmethods="1"/>
      <file name="class.ts" path="/Applications/XAMPP/xamppfiles/htdocs/git-projects/mcp_server/backend/src/generated/prisma/internal/class.ts">
        <metrics statements="11" coveredstatements="5" conditionals="0" coveredconditionals="0" methods="4" coveredmethods="1"/>
        <line num="18" count="1" type="stmt"/>
        <line num="35" count="1" type="stmt"/>
        <line num="36" count="1" type="stmt"/>
        <line num="42" count="0" type="stmt"/>
        <line num="43" count="0" type="stmt"/>
        <line num="44" count="0" type="stmt"/>
        <line num="47" count="1" type="stmt"/>
        <line num="48" count="0" type="stmt"/>
        <line num="51" count="0" type="stmt"/>
        <line num="52" count="0" type="stmt"/>
        <line num="203" count="1" type="stmt"/>
      </file>
      <file name="prismaNamespace.ts" path="/Applications/XAMPP/xamppfiles/htdocs/git-projects/mcp_server/backend/src/generated/prisma/internal/prismaNamespace.ts">
        <metrics statements="24" coveredstatements="24" conditionals="0" coveredconditionals="0" methods="0" coveredmethods="0"/>
        <line num="32" count="1" type="stmt"/>
        <line num="35" count="1" type="stmt"/>
        <line num="38" count="1" type="stmt"/>
        <line num="41" count="1" type="stmt"/>
        <line num="44" count="1" type="stmt"/>
        <line num="50" count="1" type="stmt"/>
        <line num="51" count="1" type="stmt"/>
        <line num="52" count="1" type="stmt"/>
        <line num="53" count="1" type="stmt"/>
        <line num="54" count="1" type="stmt"/>
        <line num="62" count="1" type="stmt"/>
        <line num="71" count="1" type="stmt"/>
        <line num="86" count="1" type="stmt"/>
        <line num="104" count="1" type="stmt"/>
        <line num="114" count="1" type="stmt"/>
        <line num="121" count="1" type="stmt"/>
        <line num="128" count="1" type="stmt"/>
        <line num="386" count="1" type="stmt"/>
        <line num="510" count="1" type="stmt"/>
        <line num="520" count="1" type="stmt"/>
        <line num="532" count="1" type="stmt"/>
        <line num="540" count="1" type="stmt"/>
        <line num="548" count="1" type="stmt"/>
        <line num="610" count="1" type="stmt"/>
      </file>
    </package>
    <package name="infrastructure.persistence">
      <metrics statements="15" coveredstatements="15" conditionals="4" coveredconditionals="4" methods="9" coveredmethods="9"/>
      <file name="prisma-task.repository.ts" path="/Applications/XAMPP/xamppfiles/htdocs/git-projects/mcp_server/backend/src/infrastructure/persistence/prisma-task.repository.ts">
        <metrics statements="10" coveredstatements="10" conditionals="4" coveredconditionals="4" methods="6" coveredmethods="6"/>
        <line num="9" count="1" type="stmt"/>
        <line num="10" count="6" type="stmt"/>
        <line num="13" count="2" type="stmt"/>
        <line num="16" count="2" type="stmt"/>
        <line num="20" count="2" type="stmt"/>
        <line num="21" count="2" type="cond" truecount="2" falsecount="0"/>
        <line num="25" count="1" type="stmt"/>
        <line num="39" count="1" type="stmt"/>
        <line num="43" count="1" type="stmt"/>
        <line num="47" count="4" type="stmt"/>
      </file>
      <file name="prisma.service.ts" path="/Applications/XAMPP/xamppfiles/htdocs/git-projects/mcp_server/backend/src/infrastructure/persistence/prisma.service.ts">
        <metrics statements="5" coveredstatements="5" conditionals="0" coveredconditionals="0" methods="3" coveredmethods="3"/>
        <line num="7" count="2" type="stmt"/>
        <line num="9" count="3" type="stmt"/>
        <line num="12" count="3" type="stmt"/>
        <line num="16" count="1" type="stmt"/>
        <line num="20" count="1" type="stmt"/>
      </file>
    </package>
  </project>
</coverage>
