{"/Applications/XAMPP/xamppfiles/htdocs/git-projects/mcp_server/backend/src/application/complete-task.use-case.ts": {"path":"/Applications/XAMPP/xamppfiles/htdocs/git-projects/mcp_server/backend/src/application/complete-task.use-case.ts","statementMap":{"0":{"start":{"line":8,"column":7},"end":{"line":19,"column":null}},"1":{"start":{"line":11,"column":21},"end":{"line":11,"column":null}},"2":{"start":{"line":15,"column":17},"end":{"line":15,"column":null}},"3":{"start":{"line":16,"column":4},"end":{"line":16,"column":null}},"4":{"start":{"line":16,"column":15},"end":{"line":16,"column":null}},"5":{"start":{"line":18,"column":4},"end":{"line":18,"column":null}},"6":{"start":{"line":19,"column":4},"end":{"line":19,"column":null}}},"fnMap":{"0":{"name":"(anonymous_0)","decl":{"start":{"line":9,"column":2},"end":{"line":9,"column":null}},"loc":{"start":{"line":12,"column":4},"end":{"line":11,"column":null}},"line":12},"1":{"name":"(anonymous_1)","decl":{"start":{"line":14,"column":8},"end":{"line":14,"column":16}},"loc":{"start":{"line":14,"column":47},"end":{"line":19,"column":null}},"line":14}},"branchMap":{"0":{"loc":{"start":{"line":16,"column":4},"end":{"line":16,"column":null}},"type":"if","locations":[{"start":{"line":16,"column":4},"end":{"line":16,"column":null}},{"start":{},"end":{}}],"line":16}},"s":{"0":1,"1":3,"2":3,"3":3,"4":1,"5":2,"6":2},"f":{"0":3,"1":3},"b":{"0":[1,2]},"meta":{"lastBranch":1,"lastFunction":2,"lastStatement":7,"seen":{"s:8:7:19:Infinity":0,"f:9:2:9:Infinity":0,"s:11:21:11:Infinity":1,"f:14:8:14:16":1,"s:15:17:15:Infinity":2,"b:16:4:16:Infinity:undefined:undefined:undefined:undefined":0,"s:16:4:16:Infinity":3,"s:16:15:16:Infinity":4,"s:18:4:18:Infinity":5,"s:19:4:19:Infinity":6}}}
,"/Applications/XAMPP/xamppfiles/htdocs/git-projects/mcp_server/backend/src/application/create-task.use-case.ts": {"path":"/Applications/XAMPP/xamppfiles/htdocs/git-projects/mcp_server/backend/src/application/create-task.use-case.ts","statementMap":{"0":{"start":{"line":15,"column":7},"end":{"line":30,"column":null}},"1":{"start":{"line":18,"column":21},"end":{"line":18,"column":null}},"2":{"start":{"line":22,"column":17},"end":{"line":28,"column":null}},"3":{"start":{"line":30,"column":4},"end":{"line":30,"column":null}}},"fnMap":{"0":{"name":"(anonymous_0)","decl":{"start":{"line":16,"column":2},"end":{"line":16,"column":null}},"loc":{"start":{"line":19,"column":4},"end":{"line":18,"column":null}},"line":19},"1":{"name":"(anonymous_1)","decl":{"start":{"line":21,"column":8},"end":{"line":21,"column":16}},"loc":{"start":{"line":21,"column":55},"end":{"line":30,"column":null}},"line":21}},"branchMap":{"0":{"loc":{"start":{"line":25,"column":6},"end":{"line":25,"column":null}},"type":"binary-expr","locations":[{"start":{"line":25,"column":6},"end":{"line":25,"column":27}},{"start":{"line":25,"column":27},"end":{"line":25,"column":null}}],"line":25}},"s":{"0":1,"1":2,"2":2,"3":2},"f":{"0":2,"1":2},"b":{"0":[2,1]},"meta":{"lastBranch":1,"lastFunction":2,"lastStatement":4,"seen":{"s:15:7:30:Infinity":0,"f:16:2:16:Infinity":0,"s:18:21:18:Infinity":1,"f:21:8:21:16":1,"s:22:17:28:Infinity":2,"b:25:6:25:27:25:27:25:Infinity":0,"s:30:4:30:Infinity":3}}}
,"/Applications/XAMPP/xamppfiles/htdocs/git-projects/mcp_server/backend/src/application/delete-task.use-case.ts": {"path":"/Applications/XAMPP/xamppfiles/htdocs/git-projects/mcp_server/backend/src/application/delete-task.use-case.ts","statementMap":{"0":{"start":{"line":7,"column":7},"end":{"line":14,"column":null}},"1":{"start":{"line":10,"column":21},"end":{"line":10,"column":null}},"2":{"start":{"line":14,"column":4},"end":{"line":14,"column":null}}},"fnMap":{"0":{"name":"(anonymous_0)","decl":{"start":{"line":8,"column":2},"end":{"line":8,"column":null}},"loc":{"start":{"line":11,"column":4},"end":{"line":10,"column":null}},"line":11},"1":{"name":"(anonymous_1)","decl":{"start":{"line":13,"column":8},"end":{"line":13,"column":16}},"loc":{"start":{"line":13,"column":47},"end":{"line":14,"column":null}},"line":13}},"branchMap":{},"s":{"0":1,"1":1,"2":1},"f":{"0":1,"1":1},"b":{},"meta":{"lastBranch":0,"lastFunction":2,"lastStatement":3,"seen":{"s:7:7:14:Infinity":0,"f:8:2:8:Infinity":0,"s:10:21:10:Infinity":1,"f:13:8:13:16":1,"s:14:4:14:Infinity":2}}}
,"/Applications/XAMPP/xamppfiles/htdocs/git-projects/mcp_server/backend/src/application/list-tasks.use-case.ts": {"path":"/Applications/XAMPP/xamppfiles/htdocs/git-projects/mcp_server/backend/src/application/list-tasks.use-case.ts","statementMap":{"0":{"start":{"line":8,"column":7},"end":{"line":15,"column":null}},"1":{"start":{"line":11,"column":21},"end":{"line":11,"column":null}},"2":{"start":{"line":15,"column":4},"end":{"line":15,"column":null}}},"fnMap":{"0":{"name":"(anonymous_0)","decl":{"start":{"line":9,"column":2},"end":{"line":9,"column":null}},"loc":{"start":{"line":12,"column":4},"end":{"line":11,"column":null}},"line":12},"1":{"name":"(anonymous_1)","decl":{"start":{"line":14,"column":8},"end":{"line":14,"column":35}},"loc":{"start":{"line":14,"column":35},"end":{"line":15,"column":null}},"line":14}},"branchMap":{},"s":{"0":1,"1":2,"2":2},"f":{"0":2,"1":2},"b":{},"meta":{"lastBranch":0,"lastFunction":2,"lastStatement":3,"seen":{"s:8:7:15:Infinity":0,"f:9:2:9:Infinity":0,"s:11:21:11:Infinity":1,"f:14:8:14:35":1,"s:15:4:15:Infinity":2}}}
,"/Applications/XAMPP/xamppfiles/htdocs/git-projects/mcp_server/backend/src/domain/entities/task.entity.ts": {"path":"/Applications/XAMPP/xamppfiles/htdocs/git-projects/mcp_server/backend/src/domain/entities/task.entity.ts","statementMap":{"0":{"start":{"line":6,"column":20},"end":{"line":6,"column":null}},"1":{"start":{"line":7,"column":11},"end":{"line":7,"column":null}},"2":{"start":{"line":8,"column":11},"end":{"line":8,"column":null}},"3":{"start":{"line":9,"column":11},"end":{"line":9,"column":null}},"4":{"start":{"line":10,"column":20},"end":{"line":10,"column":null}},"5":{"start":{"line":11,"column":11},"end":{"line":11,"column":null}},"6":{"start":{"line":15,"column":4},"end":{"line":16,"column":null}},"7":{"start":{"line":16,"column":6},"end":{"line":16,"column":null}},"8":{"start":{"line":18,"column":4},"end":{"line":18,"column":null}},"9":{"start":{"line":19,"column":4},"end":{"line":19,"column":null}}},"fnMap":{"0":{"name":"(anonymous_0)","decl":{"start":{"line":5,"column":2},"end":{"line":5,"column":null}},"loc":{"start":{"line":12,"column":4},"end":{"line":11,"column":null}},"line":12},"1":{"name":"(anonymous_1)","decl":{"start":{"line":14,"column":2},"end":{"line":14,"column":19}},"loc":{"start":{"line":14,"column":19},"end":{"line":19,"column":null}},"line":14}},"branchMap":{"0":{"loc":{"start":{"line":15,"column":4},"end":{"line":16,"column":null}},"type":"if","locations":[{"start":{"line":15,"column":4},"end":{"line":16,"column":null}},{"start":{},"end":{}}],"line":15}},"s":{"0":18,"1":18,"2":18,"3":18,"4":18,"5":18,"6":5,"7":2,"8":3,"9":3},"f":{"0":18,"1":5},"b":{"0":[2,3]},"meta":{"lastBranch":1,"lastFunction":2,"lastStatement":10,"seen":{"f:5:2:5:Infinity":0,"s:6:20:6:Infinity":0,"s:7:11:7:Infinity":1,"s:8:11:8:Infinity":2,"s:9:11:9:Infinity":3,"s:10:20:10:Infinity":4,"s:11:11:11:Infinity":5,"f:14:2:14:19":1,"b:15:4:16:Infinity:undefined:undefined:undefined:undefined":0,"s:15:4:16:Infinity":6,"s:16:6:16:Infinity":7,"s:18:4:18:Infinity":8,"s:19:4:19:Infinity":9}}}
,"/Applications/XAMPP/xamppfiles/htdocs/git-projects/mcp_server/backend/src/domain/repositories/task.repository.ts": {"path":"/Applications/XAMPP/xamppfiles/htdocs/git-projects/mcp_server/backend/src/domain/repositories/task.repository.ts","statementMap":{"0":{"start":{"line":11,"column":31},"end":{"line":11,"column":null}}},"fnMap":{},"branchMap":{},"s":{"0":4},"f":{},"b":{},"meta":{"lastBranch":0,"lastFunction":0,"lastStatement":1,"seen":{"s:11:31:11:Infinity":0}}}
,"/Applications/XAMPP/xamppfiles/htdocs/git-projects/mcp_server/backend/src/domain/value-objects/task-status.vo.ts": {"path":"/Applications/XAMPP/xamppfiles/htdocs/git-projects/mcp_server/backend/src/domain/value-objects/task-status.vo.ts","statementMap":{"0":{"start":{"line":2,"column":7},"end":{"line":4,"column":null}},"1":{"start":{"line":3,"column":2},"end":{"line":3,"column":null}},"2":{"start":{"line":4,"column":2},"end":{"line":4,"column":null}}},"fnMap":{"0":{"name":"(anonymous_0)","decl":{"start":{"line":2,"column":7},"end":{"line":2,"column":12}},"loc":{"start":{"line":2,"column":7},"end":{"line":4,"column":null}},"line":2}},"branchMap":{},"s":{"0":6,"1":6,"2":6},"f":{"0":6},"b":{},"meta":{"lastBranch":0,"lastFunction":1,"lastStatement":3,"seen":{"s:2:7:4:Infinity":0,"f:2:7:2:12":0,"s:3:2:3:Infinity":1,"s:4:2:4:Infinity":2}}}
,"/Applications/XAMPP/xamppfiles/htdocs/git-projects/mcp_server/backend/src/generated/prisma/client.ts": {"path":"/Applications/XAMPP/xamppfiles/htdocs/git-projects/mcp_server/backend/src/generated/prisma/client.ts","statementMap":{"0":{"start":{"line":38,"column":28},"end":{"line":38,"column":null}}},"fnMap":{},"branchMap":{},"s":{"0":1},"f":{},"b":{},"meta":{"lastBranch":0,"lastFunction":0,"lastStatement":1,"seen":{"s:38:28:38:Infinity":0}}}
,"/Applications/XAMPP/xamppfiles/htdocs/git-projects/mcp_server/backend/src/generated/prisma/enums.ts": {"path":"/Applications/XAMPP/xamppfiles/htdocs/git-projects/mcp_server/backend/src/generated/prisma/enums.ts","statementMap":{},"fnMap":{},"branchMap":{},"s":{},"f":{},"b":{},"meta":{"lastBranch":0,"lastFunction":0,"lastStatement":0,"seen":{}}}
,"/Applications/XAMPP/xamppfiles/htdocs/git-projects/mcp_server/backend/src/generated/prisma/internal/class.ts": {"path":"/Applications/XAMPP/xamppfiles/htdocs/git-projects/mcp_server/backend/src/generated/prisma/internal/class.ts","statementMap":{"0":{"start":{"line":18,"column":46},"end":{"line":31,"column":null}},"1":{"start":{"line":35,"column":0},"end":{"line":35,"column":null}},"2":{"start":{"line":36,"column":0},"end":{"line":38,"column":null}},"3":{"start":{"line":42,"column":21},"end":{"line":42,"column":null}},"4":{"start":{"line":43,"column":20},"end":{"line":43,"column":null}},"5":{"start":{"line":44,"column":2},"end":{"line":44,"column":null}},"6":{"start":{"line":47,"column":0},"end":{"line":55,"column":null}},"7":{"start":{"line":48,"column":26},"end":{"line":48,"column":null}},"8":{"start":{"line":51,"column":21},"end":{"line":51,"column":null}},"9":{"start":{"line":52,"column":4},"end":{"line":52,"column":null}},"10":{"start":{"line":203,"column":2},"end":{"line":203,"column":null}}},"fnMap":{"0":{"name":"decodeBase64AsWasm","decl":{"start":{"line":41,"column":15},"end":{"line":41,"column":34}},"loc":{"start":{"line":41,"column":34},"end":{"line":44,"column":null}},"line":41},"1":{"name":"(anonymous_1)","decl":{"start":{"line":48,"column":14},"end":{"line":48,"column":26}},"loc":{"start":{"line":48,"column":26},"end":{"line":48,"column":null}},"line":48},"2":{"name":"(anonymous_2)","decl":{"start":{"line":50,"column":30},"end":{"line":50,"column":null}},"loc":{"start":{"line":50,"column":30},"end":{"line":52,"column":null}},"line":50},"3":{"name":"getPrismaClientClass","decl":{"start":{"line":202,"column":16},"end":{"line":202,"column":null}},"loc":{"start":{"line":202,"column":16},"end":{"line":203,"column":null}},"line":202}},"branchMap":{},"s":{"0":1,"1":1,"2":1,"3":0,"4":0,"5":0,"6":1,"7":0,"8":0,"9":0,"10":1},"f":{"0":0,"1":0,"2":0,"3":1},"b":{},"meta":{"lastBranch":0,"lastFunction":4,"lastStatement":11,"seen":{"s:18:46:31:Infinity":0,"s:35:0:35:Infinity":1,"s:36:0:38:Infinity":2,"f:41:15:41:34":0,"s:42:21:42:Infinity":3,"s:43:20:43:Infinity":4,"s:44:2:44:Infinity":5,"s:47:0:55:Infinity":6,"f:48:14:48:26":1,"s:48:26:48:Infinity":7,"f:50:30:50:Infinity":2,"s:51:21:51:Infinity":8,"s:52:4:52:Infinity":9,"f:202:16:202:Infinity":3,"s:203:2:203:Infinity":10}}}
,"/Applications/XAMPP/xamppfiles/htdocs/git-projects/mcp_server/backend/src/generated/prisma/internal/prismaNamespace.ts": {"path":"/Applications/XAMPP/xamppfiles/htdocs/git-projects/mcp_server/backend/src/generated/prisma/internal/prismaNamespace.ts","statementMap":{"0":{"start":{"line":32,"column":45},"end":{"line":32,"column":null}},"1":{"start":{"line":35,"column":47},"end":{"line":35,"column":null}},"2":{"start":{"line":38,"column":42},"end":{"line":38,"column":null}},"3":{"start":{"line":41,"column":47},"end":{"line":41,"column":null}},"4":{"start":{"line":44,"column":43},"end":{"line":44,"column":null}},"5":{"start":{"line":50,"column":19},"end":{"line":50,"column":null}},"6":{"start":{"line":51,"column":21},"end":{"line":51,"column":null}},"7":{"start":{"line":52,"column":20},"end":{"line":52,"column":null}},"8":{"start":{"line":53,"column":19},"end":{"line":53,"column":null}},"9":{"start":{"line":54,"column":19},"end":{"line":54,"column":null}},"10":{"start":{"line":62,"column":23},"end":{"line":62,"column":null}},"11":{"start":{"line":71,"column":35},"end":{"line":71,"column":null}},"12":{"start":{"line":86,"column":44},"end":{"line":88,"column":null}},"13":{"start":{"line":104,"column":25},"end":{"line":107,"column":null}},"14":{"start":{"line":114,"column":22},"end":{"line":114,"column":null}},"15":{"start":{"line":121,"column":24},"end":{"line":121,"column":null}},"16":{"start":{"line":128,"column":23},"end":{"line":128,"column":null}},"17":{"start":{"line":386,"column":25},"end":{"line":387,"column":null}},"18":{"start":{"line":510,"column":41},"end":{"line":514,"column":null}},"19":{"start":{"line":520,"column":35},"end":{"line":526,"column":null}},"20":{"start":{"line":532,"column":25},"end":{"line":534,"column":null}},"21":{"start":{"line":540,"column":25},"end":{"line":542,"column":null}},"22":{"start":{"line":548,"column":26},"end":{"line":550,"column":null}},"23":{"start":{"line":610,"column":31},"end":{"line":610,"column":null}}},"fnMap":{},"branchMap":{},"s":{"0":1,"1":1,"2":1,"3":1,"4":1,"5":1,"6":1,"7":1,"8":1,"9":1,"10":1,"11":1,"12":1,"13":1,"14":1,"15":1,"16":1,"17":1,"18":1,"19":1,"20":1,"21":1,"22":1,"23":1},"f":{},"b":{},"meta":{"lastBranch":0,"lastFunction":0,"lastStatement":24,"seen":{"s:32:45:32:Infinity":0,"s:35:47:35:Infinity":1,"s:38:42:38:Infinity":2,"s:41:47:41:Infinity":3,"s:44:43:44:Infinity":4,"s:50:19:50:Infinity":5,"s:51:21:51:Infinity":6,"s:52:20:52:Infinity":7,"s:53:19:53:Infinity":8,"s:54:19:54:Infinity":9,"s:62:23:62:Infinity":10,"s:71:35:71:Infinity":11,"s:86:44:88:Infinity":12,"s:104:25:107:Infinity":13,"s:114:22:114:Infinity":14,"s:121:24:121:Infinity":15,"s:128:23:128:Infinity":16,"s:386:25:387:Infinity":17,"s:510:41:514:Infinity":18,"s:520:35:526:Infinity":19,"s:532:25:534:Infinity":20,"s:540:25:542:Infinity":21,"s:548:26:550:Infinity":22,"s:610:31:610:Infinity":23}}}
,"/Applications/XAMPP/xamppfiles/htdocs/git-projects/mcp_server/backend/src/infrastructure/persistence/prisma-task.repository.ts": {"path":"/Applications/XAMPP/xamppfiles/htdocs/git-projects/mcp_server/backend/src/infrastructure/persistence/prisma-task.repository.ts","statementMap":{"0":{"start":{"line":9,"column":7},"end":{"line":53,"column":null}},"1":{"start":{"line":10,"column":31},"end":{"line":10,"column":54}},"2":{"start":{"line":13,"column":20},"end":{"line":14,"column":null}},"3":{"start":{"line":16,"column":4},"end":{"line":16,"column":null}},"4":{"start":{"line":20,"column":19},"end":{"line":20,"column":null}},"5":{"start":{"line":21,"column":4},"end":{"line":21,"column":null}},"6":{"start":{"line":25,"column":19},"end":{"line":36,"column":null}},"7":{"start":{"line":39,"column":4},"end":{"line":39,"column":null}},"8":{"start":{"line":43,"column":4},"end":{"line":43,"column":null}},"9":{"start":{"line":47,"column":4},"end":{"line":53,"column":null}}},"fnMap":{"0":{"name":"(anonymous_0)","decl":{"start":{"line":10,"column":2},"end":{"line":10,"column":14}},"loc":{"start":{"line":10,"column":54},"end":{"line":10,"column":54}},"line":10},"1":{"name":"(anonymous_1)","decl":{"start":{"line":12,"column":8},"end":{"line":12,"column":35}},"loc":{"start":{"line":12,"column":35},"end":{"line":16,"column":null}},"line":12},"2":{"name":"(anonymous_2)","decl":{"start":{"line":19,"column":8},"end":{"line":19,"column":17}},"loc":{"start":{"line":19,"column":51},"end":{"line":21,"column":null}},"line":19},"3":{"name":"(anonymous_3)","decl":{"start":{"line":24,"column":8},"end":{"line":24,"column":13}},"loc":{"start":{"line":24,"column":40},"end":{"line":39,"column":null}},"line":24},"4":{"name":"(anonymous_4)","decl":{"start":{"line":42,"column":8},"end":{"line":42,"column":15}},"loc":{"start":{"line":42,"column":42},"end":{"line":43,"column":null}},"line":42},"5":{"name":"(anonymous_5)","decl":{"start":{"line":46,"column":2},"end":{"line":46,"column":19}},"loc":{"start":{"line":46,"column":38},"end":{"line":53,"column":null}},"line":46}},"branchMap":{"0":{"loc":{"start":{"line":21,"column":11},"end":{"line":21,"column":null}},"type":"cond-expr","locations":[{"start":{"line":21,"column":20},"end":{"line":21,"column":44}},{"start":{"line":21,"column":44},"end":{"line":21,"column":null}}],"line":21},"1":{"loc":{"start":{"line":8,"column":13},"end":{"line":8,"column":null}},"type":"cond-expr","locations":[{"start":{"line":8,"column":13},"end":{"line":8,"column":null}},{"start":{"line":8,"column":13},"end":{"line":8,"column":null}}],"line":8}},"s":{"0":1,"1":6,"2":2,"3":2,"4":2,"5":2,"6":1,"7":1,"8":1,"9":4},"f":{"0":6,"1":2,"2":2,"3":1,"4":1,"5":4},"b":{"0":[1,1],"1":[2,1]},"meta":{"lastBranch":2,"lastFunction":6,"lastStatement":10,"seen":{"s:9:7:53:Infinity":0,"f:10:2:10:14":0,"s:10:31:10:54":1,"f:12:8:12:35":1,"s:13:20:14:Infinity":2,"s:16:4:16:Infinity":3,"f:19:8:19:17":2,"s:20:19:20:Infinity":4,"s:21:4:21:Infinity":5,"b:21:20:21:44:21:44:21:Infinity":0,"f:24:8:24:13":3,"s:25:19:36:Infinity":6,"s:39:4:39:Infinity":7,"f:42:8:42:15":4,"s:43:4:43:Infinity":8,"f:46:2:46:19":5,"s:47:4:53:Infinity":9,"b:8:13:8:Infinity:8:13:8:Infinity":1}}}
,"/Applications/XAMPP/xamppfiles/htdocs/git-projects/mcp_server/backend/src/infrastructure/persistence/prisma.service.ts": {"path":"/Applications/XAMPP/xamppfiles/htdocs/git-projects/mcp_server/backend/src/infrastructure/persistence/prisma.service.ts","statementMap":{"0":{"start":{"line":7,"column":7},"end":{"line":20,"column":null}},"1":{"start":{"line":9,"column":20},"end":{"line":10,"column":null}},"2":{"start":{"line":12,"column":4},"end":{"line":12,"column":null}},"3":{"start":{"line":16,"column":4},"end":{"line":16,"column":null}},"4":{"start":{"line":20,"column":4},"end":{"line":20,"column":null}}},"fnMap":{"0":{"name":"(anonymous_0)","decl":{"start":{"line":8,"column":2},"end":{"line":8,"column":16}},"loc":{"start":{"line":8,"column":16},"end":{"line":12,"column":null}},"line":8},"1":{"name":"(anonymous_1)","decl":{"start":{"line":15,"column":8},"end":{"line":15,"column":23}},"loc":{"start":{"line":15,"column":23},"end":{"line":16,"column":null}},"line":15},"2":{"name":"(anonymous_2)","decl":{"start":{"line":19,"column":8},"end":{"line":19,"column":26}},"loc":{"start":{"line":19,"column":26},"end":{"line":20,"column":null}},"line":19}},"branchMap":{},"s":{"0":2,"1":3,"2":3,"3":1,"4":1},"f":{"0":3,"1":1,"2":1},"b":{},"meta":{"lastBranch":0,"lastFunction":3,"lastStatement":5,"seen":{"s:7:7:20:Infinity":0,"f:8:2:8:16":0,"s:9:20:10:Infinity":1,"s:12:4:12:Infinity":2,"f:15:8:15:23":1,"s:16:4:16:Infinity":3,"f:19:8:19:26":2,"s:20:4:20:Infinity":4}}}
}
